0 info it worked if it ends with ok
1 verbose cli [ '/usr/bin/nodejs', '/usr/bin/npm', 'install', 'epoch' ]
2 info using npm@3.10.10
3 info using node@v6.10.1
4 verbose config Skipping project config: /home/naotaka/.npmrc. (matches userconfig)
5 silly loadCurrentTree Starting
6 silly install loadCurrentTree
7 silly install readLocalPackageData
8 silly fetchPackageMetaData epoch
9 silly fetchNamedPackageData epoch
10 silly mapToRegistry name epoch
11 silly mapToRegistry using default registry
12 silly mapToRegistry registry https://registry.npmjs.org/
13 silly mapToRegistry data Result {
13 silly mapToRegistry   raw: 'epoch',
13 silly mapToRegistry   scope: null,
13 silly mapToRegistry   escapedName: 'epoch',
13 silly mapToRegistry   name: 'epoch',
13 silly mapToRegistry   rawSpec: '',
13 silly mapToRegistry   spec: 'latest',
13 silly mapToRegistry   type: 'tag' }
14 silly mapToRegistry uri https://registry.npmjs.org/epoch
15 verbose request uri https://registry.npmjs.org/epoch
16 verbose request no auth needed
17 info attempt registry request try #1 at 19:31:43
18 verbose request id afe793e0326a2882
19 verbose etag W/"509c3e1c-10f9"
20 verbose lastModified Thu, 08 Nov 2012 23:19:56 GMT
21 http request GET https://registry.npmjs.org/epoch
22 http 304 https://registry.npmjs.org/epoch
23 verbose headers { date: 'Sat, 25 Mar 2017 10:31:44 GMT',
23 verbose headers   via: '1.1 varnish',
23 verbose headers   'cache-control': 'max-age=300',
23 verbose headers   etag: 'W/"509c3e1c-10f9"',
23 verbose headers   age: '0',
23 verbose headers   connection: 'keep-alive',
23 verbose headers   'x-served-by': 'cache-nrt6130-NRT',
23 verbose headers   'x-cache': 'HIT',
23 verbose headers   'x-cache-hits': '1',
23 verbose headers   'x-timer': 'S1490437904.112808,VS0,VE137',
23 verbose headers   vary: 'Accept-Encoding' }
24 silly get cb [ 304,
24 silly get   { date: 'Sat, 25 Mar 2017 10:31:44 GMT',
24 silly get     via: '1.1 varnish',
24 silly get     'cache-control': 'max-age=300',
24 silly get     etag: 'W/"509c3e1c-10f9"',
24 silly get     age: '0',
24 silly get     connection: 'keep-alive',
24 silly get     'x-served-by': 'cache-nrt6130-NRT',
24 silly get     'x-cache': 'HIT',
24 silly get     'x-cache-hits': '1',
24 silly get     'x-timer': 'S1490437904.112808,VS0,VE137',
24 silly get     vary: 'Accept-Encoding' } ]
25 verbose etag https://registry.npmjs.org/epoch from cache
26 verbose get saving epoch to /home/naotaka/.npm/registry.npmjs.org/epoch/.cache.json
27 verbose correctMkdir /home/naotaka/.npm correctMkdir not in flight; initializing
28 silly install normalizeTree
29 silly loadCurrentTree Finishing
30 silly loadIdealTree Starting
31 silly install loadIdealTree
32 silly cloneCurrentTree Starting
33 silly install cloneCurrentTreeToIdealTree
34 silly cloneCurrentTree Finishing
35 silly loadShrinkwrap Starting
36 silly install loadShrinkwrap
37 silly loadShrinkwrap Finishing
38 silly loadAllDepsIntoIdealTree Starting
39 silly install loadAllDepsIntoIdealTree
40 silly resolveWithNewModule epoch@0.1.0 checking installable status
41 silly cache add args [ 'epoch', null ]
42 verbose cache add spec epoch
43 silly cache add parsed spec Result {
43 silly cache add   raw: 'epoch',
43 silly cache add   scope: null,
43 silly cache add   escapedName: 'epoch',
43 silly cache add   name: 'epoch',
43 silly cache add   rawSpec: '',
43 silly cache add   spec: 'latest',
43 silly cache add   type: 'tag' }
44 silly addNamed epoch@latest
45 verbose addNamed "latest" is being treated as a dist-tag for epoch
46 info addNameTag [ 'epoch', 'latest' ]
47 silly mapToRegistry name epoch
48 silly mapToRegistry using default registry
49 silly mapToRegistry registry https://registry.npmjs.org/
50 silly mapToRegistry data Result {
50 silly mapToRegistry   raw: 'epoch',
50 silly mapToRegistry   scope: null,
50 silly mapToRegistry   escapedName: 'epoch',
50 silly mapToRegistry   name: 'epoch',
50 silly mapToRegistry   rawSpec: '',
50 silly mapToRegistry   spec: 'latest',
50 silly mapToRegistry   type: 'tag' }
51 silly mapToRegistry uri https://registry.npmjs.org/epoch
52 verbose addNameTag registry:https://registry.npmjs.org/epoch not in flight; fetching
53 verbose get https://registry.npmjs.org/epoch not expired, no request
54 silly addNameTag next cb for epoch with tag latest
55 silly addNamed epoch@0.1.0
56 verbose addNamed "0.1.0" is a plain semver version for epoch
57 silly cache afterAdd epoch@0.1.0
58 verbose afterAdd /home/naotaka/.npm/epoch/0.1.0/package/package.json not in flight; writing
59 verbose correctMkdir /home/naotaka/.npm correctMkdir not in flight; initializing
60 verbose afterAdd /home/naotaka/.npm/epoch/0.1.0/package/package.json written
61 silly loadAllDepsIntoIdealTree Finishing
62 silly loadIdealTree Finishing
63 silly currentTree naotaka
63 silly currentTree ├── abbrev@1.1.0
63 silly currentTree ├── accepts@1.3.3
63 silly currentTree ├── addressparser@1.0.1
63 silly currentTree ├── ajv@4.11.5
63 silly currentTree ├── align-text@0.1.4
63 silly currentTree ├── ansi-regex@2.1.1
63 silly currentTree ├── ansi-styles@2.2.1
63 silly currentTree ├── aproba@1.1.1
63 silly currentTree ├── are-we-there-yet@1.1.2
63 silly currentTree ├── argparse@1.0.9
63 silly currentTree ├── arr-diff@2.0.0
63 silly currentTree ├── arr-flatten@1.0.1
63 silly currentTree ├── array-flatten@1.1.1
63 silly currentTree ├── array-indexofobject@0.0.1
63 silly currentTree ├── array-unique@0.2.1
63 silly currentTree ├── asn1@0.2.3
63 silly currentTree ├── assert-plus@0.2.0
63 silly currentTree ├── async@0.1.22
63 silly currentTree ├── asynckit@0.4.0
63 silly currentTree ├── aws-sign2@0.6.0
63 silly currentTree ├── aws4@1.6.0
63 silly currentTree ├── balanced-match@0.4.2
63 silly currentTree ├── basic-auth@1.1.0
63 silly currentTree ├── bcrypt-pbkdf@1.0.1
63 silly currentTree ├── bcrypt@1.0.2
63 silly currentTree ├── bcryptjs@2.4.0
63 silly currentTree ├── bindings@1.2.1
63 silly currentTree ├── bl@1.2.0
63 silly currentTree ├── block-stream@0.0.9
63 silly currentTree ├─┬ body-parser@1.15.2
63 silly currentTree │ ├── qs@6.2.0
63 silly currentTree │ └── raw-body@2.1.7
63 silly currentTree ├── boolbase@1.0.0
63 silly currentTree ├── boom@2.10.1
63 silly currentTree ├── brace-expansion@1.1.6
63 silly currentTree ├── braces@1.8.5
63 silly currentTree ├── buffer-shims@1.0.0
63 silly currentTree ├── buildmail
63 silly currentTree ├── bytes@2.4.0
63 silly currentTree ├── callback-stream@1.1.0
63 silly currentTree ├── camelcase@1.2.1
63 silly currentTree ├── caseless@0.12.0
63 silly currentTree ├── center-align@0.1.3
63 silly currentTree ├── chalk@1.1.3
63 silly currentTree ├── cheerio@0.22.0
63 silly currentTree ├─┬ cliui@2.1.0
63 silly currentTree │ └── wordwrap@0.0.2
63 silly currentTree ├── clone@2.1.0
63 silly currentTree ├── co@4.6.0
63 silly currentTree ├── code-point-at@1.1.0
63 silly currentTree ├── combined-stream@1.0.5
63 silly currentTree ├── commander@2.9.0
63 silly currentTree ├─┬ commist@1.0.0
63 silly currentTree │ └── minimist@1.2.0
63 silly currentTree ├── concat-map@0.0.1
63 silly currentTree ├── concat-stream@1.6.0
63 silly currentTree ├── console-control-strings@1.1.0
63 silly currentTree ├── content-disposition@0.5.1
63 silly currentTree ├── content-type@1.0.2
63 silly currentTree ├── cookie-parser@1.4.3
63 silly currentTree ├── cookie-signature@1.0.6
63 silly currentTree ├── cookie@0.3.1
63 silly currentTree ├── cookies@0.7.0
63 silly currentTree ├── core-util-is@1.0.2
63 silly currentTree ├── cors@2.8.1
63 silly currentTree ├── cron@1.2.1
63 silly currentTree ├── cryptiles@2.0.5
63 silly currentTree ├── css-select@1.2.0
63 silly currentTree ├── css-what@2.1.0
63 silly currentTree ├── d3@3.5.17
63 silly currentTree ├─┬ dashdash@1.14.1
63 silly currentTree │ └── assert-plus@1.0.0
63 silly currentTree ├── debug@2.2.0
63 silly currentTree ├── decamelize@1.2.0
63 silly currentTree ├── deep-extend@0.4.1
63 silly currentTree ├── delayed-stream@1.0.0
63 silly currentTree ├── delegates@1.0.0
63 silly currentTree ├── depd@1.1.0
63 silly currentTree ├── destroy@1.0.4
63 silly currentTree ├─┬ dom-serializer@0.1.0
63 silly currentTree │ └── domelementtype@1.1.3
63 silly currentTree ├── domelementtype@1.3.0
63 silly currentTree ├── domhandler@2.3.0
63 silly currentTree ├── domutils@1.5.1
63 silly currentTree ├─┬ duplexify@3.5.0
63 silly currentTree │ ├── end-of-stream@1.0.0
63 silly currentTree │ └── once@1.3.3
63 silly currentTree ├── ecc-jsbn@0.1.1
63 silly currentTree ├── ee-first@1.1.1
63 silly currentTree ├── encodeurl@1.0.1
63 silly currentTree ├── encoding@0.1.12
63 silly currentTree ├── end-of-stream@1.4.0
63 silly currentTree ├── entities@1.1.1
63 silly currentTree ├── epoch-charting@0.8.4
63 silly currentTree ├── escape-html@1.0.3
63 silly currentTree ├── escape-string-regexp@1.0.5
63 silly currentTree ├── esprima@2.7.3
63 silly currentTree ├── etag@1.7.0
63 silly currentTree ├── expand-brackets@0.1.5
63 silly currentTree ├── expand-range@1.8.2
63 silly currentTree ├─┬ express@4.14.0
63 silly currentTree │ └── qs@6.2.0
63 silly currentTree ├── extend-shallow@2.0.1
63 silly currentTree ├── extend@3.0.0
63 silly currentTree ├─┬ extglob@0.3.2
63 silly currentTree │ └── is-extglob@1.0.0
63 silly currentTree ├── extsprintf@1.0.2
63 silly currentTree ├─┬ feedparser@1.1.3
63 silly currentTree │ ├── addressparser@0.1.3
63 silly currentTree │ ├── isarray@0.0.1
63 silly currentTree │ └── readable-stream@1.0.34
63 silly currentTree ├── filename-regex@2.0.0
63 silly currentTree ├── fill-range@2.2.3
63 silly currentTree ├── finalhandler@0.5.0
63 silly currentTree ├─┬ follow-redirects@1.2.1
63 silly currentTree │ ├── debug@2.6.3
63 silly currentTree │ └── ms@0.7.2
63 silly currentTree ├── for-in@1.0.2
63 silly currentTree ├── for-own@0.1.5
63 silly currentTree ├── forever-agent@0.6.1
63 silly currentTree ├── form-data@2.1.2
63 silly currentTree ├── forwarded@0.1.0
63 silly currentTree ├── fresh@0.3.0
63 silly currentTree ├── fs-extra@1.0.0
63 silly currentTree ├── fs.notify@0.0.4
63 silly currentTree ├── fs.realpath@1.0.0
63 silly currentTree ├── fstream-ignore@1.0.5
63 silly currentTree ├── fstream@1.0.11
63 silly currentTree ├── gauge@2.7.3
63 silly currentTree ├── generate-function@2.0.0
63 silly currentTree ├── generate-object-property@1.2.0
63 silly currentTree ├─┬ getpass@0.1.6
63 silly currentTree │ └── assert-plus@1.0.0
63 silly currentTree ├─┬ glob-base@0.3.0
63 silly currentTree │ ├── glob-parent@2.0.0
63 silly currentTree │ ├── is-extglob@1.0.0
63 silly currentTree │ └── is-glob@2.0.1
63 silly currentTree ├── glob-parent@3.1.0
63 silly currentTree ├─┬ glob-stream@5.3.5
63 silly currentTree │ ├── glob@5.0.15
63 silly currentTree │ ├── isarray@0.0.1
63 silly currentTree │ ├── readable-stream@1.0.34
63 silly currentTree │ └── through2@0.6.5
63 silly currentTree ├── glob@7.1.1
63 silly currentTree ├── graceful-fs@4.1.11
63 silly currentTree ├── graceful-readlink@1.0.1
63 silly currentTree ├── har-schema@1.0.5
63 silly currentTree ├── har-validator@4.2.1
63 silly currentTree ├── has-ansi@2.0.0
63 silly currentTree ├── has-unicode@2.0.1
63 silly currentTree ├── hawk@3.1.3
63 silly currentTree ├── help-me@1.0.1
63 silly currentTree ├── hoek@2.16.3
63 silly currentTree ├── htmlparser2@3.9.2
63 silly currentTree ├── http-errors@1.5.1
63 silly currentTree ├── http-signature@1.1.1
63 silly currentTree ├── i18next-client@1.10.3
63 silly currentTree ├── i18next@1.10.6
63 silly currentTree ├── iconv-lite@0.4.13
63 silly currentTree ├─┬ imap@0.8.19
63 silly currentTree │ ├── isarray@0.0.1
63 silly currentTree │ └── readable-stream@1.1.14
63 silly currentTree ├── inflight@1.0.6
63 silly currentTree ├── inherits@2.0.3
63 silly currentTree ├── ini@1.3.4
63 silly currentTree ├── ipaddr.js@1.2.0
63 silly currentTree ├── is-buffer@1.1.5
63 silly currentTree ├── is-dotfile@1.0.2
63 silly currentTree ├── is-equal-shallow@0.1.3
63 silly currentTree ├── is-extendable@0.1.1
63 silly currentTree ├── is-extglob@2.1.1
63 silly currentTree ├── is-fullwidth-code-point@1.0.0
63 silly currentTree ├── is-glob@3.1.0
63 silly currentTree ├── is-my-json-valid@2.16.0
63 silly currentTree ├── is-number@2.1.0
63 silly currentTree ├── is-posix-bracket@0.1.1
63 silly currentTree ├── is-primitive@2.0.0
63 silly currentTree ├── is-property@1.0.2
63 silly currentTree ├── is-stream@1.1.0
63 silly currentTree ├── is-typedarray@1.0.0
63 silly currentTree ├── is-utf8@0.2.1
63 silly currentTree ├── isarray@1.0.0
63 silly currentTree ├── isobject@2.1.0
63 silly currentTree ├── isstream@0.1.2
63 silly currentTree ├── jodid25519@1.0.2
63 silly currentTree ├── js-yaml@3.7.0
63 silly currentTree ├── jsbn@0.1.1
63 silly currentTree ├── json-schema@0.2.3
63 silly currentTree ├── json-stable-stringify@1.0.1
63 silly currentTree ├── json-stringify-safe@5.0.1
63 silly currentTree ├── json5@0.2.0
63 silly currentTree ├── jsonata@1.0.10
63 silly currentTree ├── jsonfile@2.4.0
63 silly currentTree ├── jsonify@0.0.0
63 silly currentTree ├── jsonpointer@4.0.1
63 silly currentTree ├─┬ jsprim@1.4.0
63 silly currentTree │ └── assert-plus@1.0.0
63 silly currentTree ├── keygrip@1.0.1
63 silly currentTree ├── kind-of@3.1.0
63 silly currentTree ├── klaw@1.3.1
63 silly currentTree ├── lazy-cache@1.0.4
63 silly currentTree ├── leven@1.0.2
63 silly currentTree ├── libbase64@0.1.0
63 silly currentTree ├── libmime@1.2.0
63 silly currentTree ├── libqp@1.1.0
63 silly currentTree ├── lodash.assignin@4.2.0
63 silly currentTree ├── lodash.bind@4.2.1
63 silly currentTree ├── lodash.defaults@4.2.0
63 silly currentTree ├── lodash.filter@4.6.0
63 silly currentTree ├── lodash.flatten@4.4.0
63 silly currentTree ├── lodash.foreach@4.5.0
63 silly currentTree ├── lodash.map@4.6.0
63 silly currentTree ├── lodash.merge@4.6.0
63 silly currentTree ├── lodash.pick@4.4.0
63 silly currentTree ├── lodash.reduce@4.6.0
63 silly currentTree ├── lodash.reject@4.6.0
63 silly currentTree ├── lodash.some@4.6.0
63 silly currentTree ├── lodash@4.17.4
63 silly currentTree ├── longest@1.0.1
63 silly currentTree ├─┬ mailcomposer@2.1.0
63 silly currentTree │ ├── addressparser@0.3.2
63 silly currentTree │ ├── buildmail@2.0.0
63 silly currentTree │ └── needle@0.10.0
63 silly currentTree ├── mailparser@0.6.2
63 silly currentTree ├── media-typer@0.3.0
63 silly currentTree ├── merge-descriptors@1.0.1
63 silly currentTree ├── methods@1.1.2
63 silly currentTree ├─┬ micromatch@2.3.11
63 silly currentTree │ ├── is-extglob@1.0.0
63 silly currentTree │ └── is-glob@2.0.1
63 silly currentTree ├── mime-db@1.26.0
63 silly currentTree ├── mime-types@2.1.14
63 silly currentTree ├── mime@1.3.4
63 silly currentTree ├── mimelib@0.3.0
63 silly currentTree ├── minimatch@3.0.3
63 silly currentTree ├── minimist@0.0.8
63 silly currentTree ├── mkdirp@0.5.1
63 silly currentTree ├── moment-timezone@0.5.11
63 silly currentTree ├── moment@2.18.1
63 silly currentTree ├── mqtt-packet@5.2.2
63 silly currentTree ├─┬ mqtt@2.2.1
63 silly currentTree │ └── minimist@1.2.0
63 silly currentTree ├── ms@0.7.1
63 silly currentTree ├── mustache@2.3.0
63 silly currentTree ├── nan@2.5.0
63 silly currentTree ├── needle@0.11.0
63 silly currentTree ├── negotiator@0.6.1
63 silly currentTree ├── node-pre-gyp@0.6.32
63 silly currentTree ├── node-red-node-email@0.1.21
63 silly currentTree ├── node-red-node-feedparser
63 silly currentTree ├── node-red-node-rbe@0.1.6
63 silly currentTree ├── node-red-node-twitter@0.1.10
63 silly currentTree ├─┬ node-red@0.16.2
63 silly currentTree │ ├── async@2.1.5
63 silly currentTree │ ├── bl@1.1.2
63 silly currentTree │ ├── caseless@0.11.0
63 silly currentTree │ ├── form-data@1.0.1
63 silly currentTree │ ├── har-validator@2.0.6
63 silly currentTree │ ├── node-red-node-feedparser@0.1.7
63 silly currentTree │ ├── node-uuid@1.4.8
63 silly currentTree │ ├── qs@6.2.3
63 silly currentTree │ ├── readable-stream@2.0.6
63 silly currentTree │ ├── request@2.74.0
63 silly currentTree │ └── tunnel-agent@0.4.3
63 silly currentTree ├── nodemailer-direct-transport@1.1.0
63 silly currentTree ├─┬ nodemailer-smtp-transport@1.1.0
63 silly currentTree │ └── clone@1.0.2
63 silly currentTree ├── nodemailer-wellknown@0.1.10
63 silly currentTree ├── nodemailer@1.11.0
63 silly currentTree ├── nopt@3.0.6
63 silly currentTree ├── normalize-path@2.0.1
63 silly currentTree ├── npmlog@4.0.2
63 silly currentTree ├── nth-check@1.0.1
63 silly currentTree ├── number-is-nan@1.0.1
63 silly currentTree ├── oauth-sign@0.8.2
63 silly currentTree ├── oauth@0.9.14
63 silly currentTree ├── oauth2orize@1.7.0
63 silly currentTree ├── object-assign@4.1.1
63 silly currentTree ├── object.omit@2.0.1
63 silly currentTree ├── on-finished@2.3.0
63 silly currentTree ├── on-headers@1.0.1
63 silly currentTree ├── once@1.4.0
63 silly currentTree ├── optimist@0.6.1
63 silly currentTree ├── options@0.0.6
63 silly currentTree ├── ordered-read-streams@0.3.0
63 silly currentTree ├─┬ parse-glob@3.0.4
63 silly currentTree │ ├── is-extglob@1.0.0
63 silly currentTree │ └── is-glob@2.0.1
63 silly currentTree ├── parseurl@1.3.1
63 silly currentTree ├── passport-http-bearer@1.0.1
63 silly currentTree ├── passport-oauth2-client-password@0.1.2
63 silly currentTree ├── passport-strategy@1.0.0
63 silly currentTree ├── passport@0.3.2
63 silly currentTree ├── path-dirname@1.0.2
63 silly currentTree ├── path-is-absolute@1.0.1
63 silly currentTree ├── path-to-regexp@0.1.7
63 silly currentTree ├── pause@0.0.1
63 silly currentTree ├── performance-now@0.2.0
63 silly currentTree ├── pinkie-promise@2.0.1
63 silly currentTree ├── pinkie@2.0.4
63 silly currentTree ├── poplib@0.1.7
63 silly currentTree ├── preserve@0.2.0
63 silly currentTree ├── process-nextick-args@1.0.7
63 silly currentTree ├── proxy-addr@1.1.3
63 silly currentTree ├── pump@1.0.2
63 silly currentTree ├── punycode@1.4.1
63 silly currentTree ├── qs@6.4.0
63 silly currentTree ├── randomatic@1.1.6
63 silly currentTree ├── range-parser@1.2.0
63 silly currentTree ├─┬ raw-body@2.2.0
63 silly currentTree │ └── iconv-lite@0.4.15
63 silly currentTree ├─┬ rc@1.1.7
63 silly currentTree │ └── minimist@1.2.0
63 silly currentTree ├── readable-stream@2.2.6
63 silly currentTree ├── regex-cache@0.4.3
63 silly currentTree ├── reinterval@1.1.0
63 silly currentTree ├── repeat-element@1.1.2
63 silly currentTree ├── repeat-string@1.6.1
63 silly currentTree ├── request@2.81.0
63 silly currentTree ├── retry@0.6.1
63 silly currentTree ├── right-align@0.1.3
63 silly currentTree ├── rimraf@2.5.4
63 silly currentTree ├── safe-buffer@5.0.1
63 silly currentTree ├── sax@0.6.1
63 silly currentTree ├── semver@5.3.0
63 silly currentTree ├── send@0.14.1
63 silly currentTree ├── sentiment@2.1.0
63 silly currentTree ├─┬ serve-static@1.11.2
63 silly currentTree │ ├── ms@0.7.2
63 silly currentTree │ └── send@0.14.2
63 silly currentTree ├── set-blocking@2.0.0
63 silly currentTree ├── setprototypeof@1.0.2
63 silly currentTree ├── signal-exit@3.0.2
63 silly currentTree ├── smtp-connection@1.3.8
63 silly currentTree ├── sntp@1.0.9
63 silly currentTree ├── source-map@0.5.6
63 silly currentTree ├── split2@2.1.1
63 silly currentTree ├── sprintf-js@1.0.3
63 silly currentTree ├─┬ sshpk@1.11.0
63 silly currentTree │ └── assert-plus@1.0.0
63 silly currentTree ├── statuses@1.3.1
63 silly currentTree ├── stream-shift@1.0.0
63 silly currentTree ├── string_decoder@0.10.31
63 silly currentTree ├── string-width@1.0.2
63 silly currentTree ├── stringstream@0.0.5
63 silly currentTree ├── strip-ansi@3.0.1
63 silly currentTree ├── strip-json-comments@2.0.1
63 silly currentTree ├── supports-color@2.0.0
63 silly currentTree ├─┬ tar-pack@3.3.0
63 silly currentTree │ ├── once@1.3.3
63 silly currentTree │ └── readable-stream@2.1.5
63 silly currentTree ├── tar@2.2.1
63 silly currentTree ├── through2-filter@2.0.0
63 silly currentTree ├── through2@2.0.3
63 silly currentTree ├── to-absolute-glob@0.1.1
63 silly currentTree ├── tough-cookie@2.3.2
63 silly currentTree ├── tunnel-agent@0.6.0
63 silly currentTree ├── tweetnacl@0.14.5
63 silly currentTree ├── twitter-ng@0.6.2
63 silly currentTree ├── type-is@1.6.14
63 silly currentTree ├── typedarray@0.0.6
63 silly currentTree ├─┬ uglify-js@2.7.5
63 silly currentTree │ └── async@0.2.10
63 silly currentTree ├── uglify-to-browserify@1.0.2
63 silly currentTree ├── uid-number@0.0.6
63 silly currentTree ├── uid2@0.0.3
63 silly currentTree ├── ultron@1.0.2
63 silly currentTree ├── unique-stream@2.2.1
63 silly currentTree ├── unpipe@1.0.0
63 silly currentTree ├── utf7@1.0.2
63 silly currentTree ├── util-deprecate@1.0.2
63 silly currentTree ├── utils-merge@1.0.0
63 silly currentTree ├── uue@3.1.0
63 silly currentTree ├── uuid@3.0.1
63 silly currentTree ├── vary@1.1.1
63 silly currentTree ├── verror@1.3.6
63 silly currentTree ├── websocket-stream@3.3.3
63 silly currentTree ├── when@3.7.7
63 silly currentTree ├── wide-align@1.1.0
63 silly currentTree ├── window-size@0.1.0
63 silly currentTree ├── wordwrap@0.0.3
63 silly currentTree ├── wrappy@1.0.2
63 silly currentTree ├── ws@1.1.1
63 silly currentTree ├── xml2js@0.4.17
63 silly currentTree ├── xmlbuilder@4.2.1
63 silly currentTree ├── xtend@4.0.1
63 silly currentTree └── yargs@3.10.0
64 silly idealTree naotaka
64 silly idealTree ├── abbrev@1.1.0
64 silly idealTree ├── accepts@1.3.3
64 silly idealTree ├── addressparser@1.0.1
64 silly idealTree ├── ajv@4.11.5
64 silly idealTree ├── align-text@0.1.4
64 silly idealTree ├── ansi-regex@2.1.1
64 silly idealTree ├── ansi-styles@2.2.1
64 silly idealTree ├── aproba@1.1.1
64 silly idealTree ├── are-we-there-yet@1.1.2
64 silly idealTree ├── argparse@1.0.9
64 silly idealTree ├── arr-diff@2.0.0
64 silly idealTree ├── arr-flatten@1.0.1
64 silly idealTree ├── array-flatten@1.1.1
64 silly idealTree ├── array-indexofobject@0.0.1
64 silly idealTree ├── array-unique@0.2.1
64 silly idealTree ├── asn1@0.2.3
64 silly idealTree ├── assert-plus@0.2.0
64 silly idealTree ├── async@0.1.22
64 silly idealTree ├── asynckit@0.4.0
64 silly idealTree ├── aws-sign2@0.6.0
64 silly idealTree ├── aws4@1.6.0
64 silly idealTree ├── balanced-match@0.4.2
64 silly idealTree ├── basic-auth@1.1.0
64 silly idealTree ├── bcrypt-pbkdf@1.0.1
64 silly idealTree ├── bcrypt@1.0.2
64 silly idealTree ├── bcryptjs@2.4.0
64 silly idealTree ├── bindings@1.2.1
64 silly idealTree ├── bl@1.2.0
64 silly idealTree ├── block-stream@0.0.9
64 silly idealTree ├─┬ body-parser@1.15.2
64 silly idealTree │ ├── qs@6.2.0
64 silly idealTree │ └── raw-body@2.1.7
64 silly idealTree ├── boolbase@1.0.0
64 silly idealTree ├── boom@2.10.1
64 silly idealTree ├── brace-expansion@1.1.6
64 silly idealTree ├── braces@1.8.5
64 silly idealTree ├── buffer-shims@1.0.0
64 silly idealTree ├── buildmail
64 silly idealTree ├── bytes@2.4.0
64 silly idealTree ├── callback-stream@1.1.0
64 silly idealTree ├── camelcase@1.2.1
64 silly idealTree ├── caseless@0.12.0
64 silly idealTree ├── center-align@0.1.3
64 silly idealTree ├── chalk@1.1.3
64 silly idealTree ├── cheerio@0.22.0
64 silly idealTree ├─┬ cliui@2.1.0
64 silly idealTree │ └── wordwrap@0.0.2
64 silly idealTree ├── clone@2.1.0
64 silly idealTree ├── co@4.6.0
64 silly idealTree ├── code-point-at@1.1.0
64 silly idealTree ├── combined-stream@1.0.5
64 silly idealTree ├── commander@2.9.0
64 silly idealTree ├─┬ commist@1.0.0
64 silly idealTree │ └── minimist@1.2.0
64 silly idealTree ├── concat-map@0.0.1
64 silly idealTree ├── concat-stream@1.6.0
64 silly idealTree ├── console-control-strings@1.1.0
64 silly idealTree ├── content-disposition@0.5.1
64 silly idealTree ├── content-type@1.0.2
64 silly idealTree ├── cookie-parser@1.4.3
64 silly idealTree ├── cookie-signature@1.0.6
64 silly idealTree ├── cookie@0.3.1
64 silly idealTree ├── cookies@0.7.0
64 silly idealTree ├── core-util-is@1.0.2
64 silly idealTree ├── cors@2.8.1
64 silly idealTree ├── cron@1.2.1
64 silly idealTree ├── cryptiles@2.0.5
64 silly idealTree ├── css-select@1.2.0
64 silly idealTree ├── css-what@2.1.0
64 silly idealTree ├── d3@3.5.17
64 silly idealTree ├─┬ dashdash@1.14.1
64 silly idealTree │ └── assert-plus@1.0.0
64 silly idealTree ├── debug@2.2.0
64 silly idealTree ├── decamelize@1.2.0
64 silly idealTree ├── deep-extend@0.4.1
64 silly idealTree ├── delayed-stream@1.0.0
64 silly idealTree ├── delegates@1.0.0
64 silly idealTree ├── depd@1.1.0
64 silly idealTree ├── destroy@1.0.4
64 silly idealTree ├─┬ dom-serializer@0.1.0
64 silly idealTree │ └── domelementtype@1.1.3
64 silly idealTree ├── domelementtype@1.3.0
64 silly idealTree ├── domhandler@2.3.0
64 silly idealTree ├── domutils@1.5.1
64 silly idealTree ├─┬ duplexify@3.5.0
64 silly idealTree │ ├── end-of-stream@1.0.0
64 silly idealTree │ └── once@1.3.3
64 silly idealTree ├── ecc-jsbn@0.1.1
64 silly idealTree ├── ee-first@1.1.1
64 silly idealTree ├── encodeurl@1.0.1
64 silly idealTree ├── encoding@0.1.12
64 silly idealTree ├── end-of-stream@1.4.0
64 silly idealTree ├── entities@1.1.1
64 silly idealTree ├── epoch-charting@0.8.4
64 silly idealTree ├── epoch@0.1.0
64 silly idealTree ├── escape-html@1.0.3
64 silly idealTree ├── escape-string-regexp@1.0.5
64 silly idealTree ├── esprima@2.7.3
64 silly idealTree ├── etag@1.7.0
64 silly idealTree ├── expand-brackets@0.1.5
64 silly idealTree ├── expand-range@1.8.2
64 silly idealTree ├─┬ express@4.14.0
64 silly idealTree │ └── qs@6.2.0
64 silly idealTree ├── extend-shallow@2.0.1
64 silly idealTree ├── extend@3.0.0
64 silly idealTree ├─┬ extglob@0.3.2
64 silly idealTree │ └── is-extglob@1.0.0
64 silly idealTree ├── extsprintf@1.0.2
64 silly idealTree ├─┬ feedparser@1.1.3
64 silly idealTree │ ├── addressparser@0.1.3
64 silly idealTree │ ├── isarray@0.0.1
64 silly idealTree │ └── readable-stream@1.0.34
64 silly idealTree ├── filename-regex@2.0.0
64 silly idealTree ├── fill-range@2.2.3
64 silly idealTree ├── finalhandler@0.5.0
64 silly idealTree ├─┬ follow-redirects@1.2.1
64 silly idealTree │ ├── debug@2.6.3
64 silly idealTree │ └── ms@0.7.2
64 silly idealTree ├── for-in@1.0.2
64 silly idealTree ├── for-own@0.1.5
64 silly idealTree ├── forever-agent@0.6.1
64 silly idealTree ├── form-data@2.1.2
64 silly idealTree ├── forwarded@0.1.0
64 silly idealTree ├── fresh@0.3.0
64 silly idealTree ├── fs-extra@1.0.0
64 silly idealTree ├── fs.notify@0.0.4
64 silly idealTree ├── fs.realpath@1.0.0
64 silly idealTree ├── fstream-ignore@1.0.5
64 silly idealTree ├── fstream@1.0.11
64 silly idealTree ├── gauge@2.7.3
64 silly idealTree ├── generate-function@2.0.0
64 silly idealTree ├── generate-object-property@1.2.0
64 silly idealTree ├─┬ getpass@0.1.6
64 silly idealTree │ └── assert-plus@1.0.0
64 silly idealTree ├─┬ glob-base@0.3.0
64 silly idealTree │ ├── glob-parent@2.0.0
64 silly idealTree │ ├── is-extglob@1.0.0
64 silly idealTree │ └── is-glob@2.0.1
64 silly idealTree ├── glob-parent@3.1.0
64 silly idealTree ├─┬ glob-stream@5.3.5
64 silly idealTree │ ├── glob@5.0.15
64 silly idealTree │ ├── isarray@0.0.1
64 silly idealTree │ ├── readable-stream@1.0.34
64 silly idealTree │ └── through2@0.6.5
64 silly idealTree ├── glob@7.1.1
64 silly idealTree ├── graceful-fs@4.1.11
64 silly idealTree ├── graceful-readlink@1.0.1
64 silly idealTree ├── har-schema@1.0.5
64 silly idealTree ├── har-validator@4.2.1
64 silly idealTree ├── has-ansi@2.0.0
64 silly idealTree ├── has-unicode@2.0.1
64 silly idealTree ├── hawk@3.1.3
64 silly idealTree ├── help-me@1.0.1
64 silly idealTree ├── hoek@2.16.3
64 silly idealTree ├── htmlparser2@3.9.2
64 silly idealTree ├── http-errors@1.5.1
64 silly idealTree ├── http-signature@1.1.1
64 silly idealTree ├── i18next-client@1.10.3
64 silly idealTree ├── i18next@1.10.6
64 silly idealTree ├── iconv-lite@0.4.13
64 silly idealTree ├─┬ imap@0.8.19
64 silly idealTree │ ├── isarray@0.0.1
64 silly idealTree │ └── readable-stream@1.1.14
64 silly idealTree ├── inflight@1.0.6
64 silly idealTree ├── inherits@2.0.3
64 silly idealTree ├── ini@1.3.4
64 silly idealTree ├── ipaddr.js@1.2.0
64 silly idealTree ├── is-buffer@1.1.5
64 silly idealTree ├── is-dotfile@1.0.2
64 silly idealTree ├── is-equal-shallow@0.1.3
64 silly idealTree ├── is-extendable@0.1.1
64 silly idealTree ├── is-extglob@2.1.1
64 silly idealTree ├── is-fullwidth-code-point@1.0.0
64 silly idealTree ├── is-glob@3.1.0
64 silly idealTree ├── is-my-json-valid@2.16.0
64 silly idealTree ├── is-number@2.1.0
64 silly idealTree ├── is-posix-bracket@0.1.1
64 silly idealTree ├── is-primitive@2.0.0
64 silly idealTree ├── is-property@1.0.2
64 silly idealTree ├── is-stream@1.1.0
64 silly idealTree ├── is-typedarray@1.0.0
64 silly idealTree ├── is-utf8@0.2.1
64 silly idealTree ├── isarray@1.0.0
64 silly idealTree ├── isobject@2.1.0
64 silly idealTree ├── isstream@0.1.2
64 silly idealTree ├── jodid25519@1.0.2
64 silly idealTree ├── js-yaml@3.7.0
64 silly idealTree ├── jsbn@0.1.1
64 silly idealTree ├── json-schema@0.2.3
64 silly idealTree ├── json-stable-stringify@1.0.1
64 silly idealTree ├── json-stringify-safe@5.0.1
64 silly idealTree ├── json5@0.2.0
64 silly idealTree ├── jsonata@1.0.10
64 silly idealTree ├── jsonfile@2.4.0
64 silly idealTree ├── jsonify@0.0.0
64 silly idealTree ├── jsonpointer@4.0.1
64 silly idealTree ├─┬ jsprim@1.4.0
64 silly idealTree │ └── assert-plus@1.0.0
64 silly idealTree ├── keygrip@1.0.1
64 silly idealTree ├── kind-of@3.1.0
64 silly idealTree ├── klaw@1.3.1
64 silly idealTree ├── lazy-cache@1.0.4
64 silly idealTree ├── leven@1.0.2
64 silly idealTree ├── libbase64@0.1.0
64 silly idealTree ├── libmime@1.2.0
64 silly idealTree ├── libqp@1.1.0
64 silly idealTree ├── lodash.assignin@4.2.0
64 silly idealTree ├── lodash.bind@4.2.1
64 silly idealTree ├── lodash.defaults@4.2.0
64 silly idealTree ├── lodash.filter@4.6.0
64 silly idealTree ├── lodash.flatten@4.4.0
64 silly idealTree ├── lodash.foreach@4.5.0
64 silly idealTree ├── lodash.map@4.6.0
64 silly idealTree ├── lodash.merge@4.6.0
64 silly idealTree ├── lodash.pick@4.4.0
64 silly idealTree ├── lodash.reduce@4.6.0
64 silly idealTree ├── lodash.reject@4.6.0
64 silly idealTree ├── lodash.some@4.6.0
64 silly idealTree ├── lodash@4.17.4
64 silly idealTree ├── longest@1.0.1
64 silly idealTree ├─┬ mailcomposer@2.1.0
64 silly idealTree │ ├── addressparser@0.3.2
64 silly idealTree │ ├── buildmail@2.0.0
64 silly idealTree │ └── needle@0.10.0
64 silly idealTree ├── mailparser@0.6.2
64 silly idealTree ├── media-typer@0.3.0
64 silly idealTree ├── merge-descriptors@1.0.1
64 silly idealTree ├── methods@1.1.2
64 silly idealTree ├─┬ micromatch@2.3.11
64 silly idealTree │ ├── is-extglob@1.0.0
64 silly idealTree │ └── is-glob@2.0.1
64 silly idealTree ├── mime-db@1.26.0
64 silly idealTree ├── mime-types@2.1.14
64 silly idealTree ├── mime@1.3.4
64 silly idealTree ├── mimelib@0.3.0
64 silly idealTree ├── minimatch@3.0.3
64 silly idealTree ├── minimist@0.0.8
64 silly idealTree ├── mkdirp@0.5.1
64 silly idealTree ├── moment-timezone@0.5.11
64 silly idealTree ├── moment@2.18.1
64 silly idealTree ├── mqtt-packet@5.2.2
64 silly idealTree ├─┬ mqtt@2.2.1
64 silly idealTree │ └── minimist@1.2.0
64 silly idealTree ├── ms@0.7.1
64 silly idealTree ├── mustache@2.3.0
64 silly idealTree ├── nan@2.5.0
64 silly idealTree ├── needle@0.11.0
64 silly idealTree ├── negotiator@0.6.1
64 silly idealTree ├── node-pre-gyp@0.6.32
64 silly idealTree ├── node-red-node-email@0.1.21
64 silly idealTree ├── node-red-node-feedparser
64 silly idealTree ├── node-red-node-rbe@0.1.6
64 silly idealTree ├── node-red-node-twitter@0.1.10
64 silly idealTree ├─┬ node-red@0.16.2
64 silly idealTree │ ├── async@2.1.5
64 silly idealTree │ ├── bl@1.1.2
64 silly idealTree │ ├── caseless@0.11.0
64 silly idealTree │ ├── form-data@1.0.1
64 silly idealTree │ ├── har-validator@2.0.6
64 silly idealTree │ ├── node-red-node-feedparser@0.1.7
64 silly idealTree │ ├── node-uuid@1.4.8
64 silly idealTree │ ├── qs@6.2.3
64 silly idealTree │ ├── readable-stream@2.0.6
64 silly idealTree │ ├── request@2.74.0
64 silly idealTree │ └── tunnel-agent@0.4.3
64 silly idealTree ├── nodemailer-direct-transport@1.1.0
64 silly idealTree ├─┬ nodemailer-smtp-transport@1.1.0
64 silly idealTree │ └── clone@1.0.2
64 silly idealTree ├── nodemailer-wellknown@0.1.10
64 silly idealTree ├── nodemailer@1.11.0
64 silly idealTree ├── nopt@3.0.6
64 silly idealTree ├── normalize-path@2.0.1
64 silly idealTree ├── npmlog@4.0.2
64 silly idealTree ├── nth-check@1.0.1
64 silly idealTree ├── number-is-nan@1.0.1
64 silly idealTree ├── oauth-sign@0.8.2
64 silly idealTree ├── oauth@0.9.14
64 silly idealTree ├── oauth2orize@1.7.0
64 silly idealTree ├── object-assign@4.1.1
64 silly idealTree ├── object.omit@2.0.1
64 silly idealTree ├── on-finished@2.3.0
64 silly idealTree ├── on-headers@1.0.1
64 silly idealTree ├── once@1.4.0
64 silly idealTree ├── optimist@0.6.1
64 silly idealTree ├── options@0.0.6
64 silly idealTree ├── ordered-read-streams@0.3.0
64 silly idealTree ├─┬ parse-glob@3.0.4
64 silly idealTree │ ├── is-extglob@1.0.0
64 silly idealTree │ └── is-glob@2.0.1
64 silly idealTree ├── parseurl@1.3.1
64 silly idealTree ├── passport-http-bearer@1.0.1
64 silly idealTree ├── passport-oauth2-client-password@0.1.2
64 silly idealTree ├── passport-strategy@1.0.0
64 silly idealTree ├── passport@0.3.2
64 silly idealTree ├── path-dirname@1.0.2
64 silly idealTree ├── path-is-absolute@1.0.1
64 silly idealTree ├── path-to-regexp@0.1.7
64 silly idealTree ├── pause@0.0.1
64 silly idealTree ├── performance-now@0.2.0
64 silly idealTree ├── pinkie-promise@2.0.1
64 silly idealTree ├── pinkie@2.0.4
64 silly idealTree ├── poplib@0.1.7
64 silly idealTree ├── preserve@0.2.0
64 silly idealTree ├── process-nextick-args@1.0.7
64 silly idealTree ├── proxy-addr@1.1.3
64 silly idealTree ├── pump@1.0.2
64 silly idealTree ├── punycode@1.4.1
64 silly idealTree ├── qs@6.4.0
64 silly idealTree ├── randomatic@1.1.6
64 silly idealTree ├── range-parser@1.2.0
64 silly idealTree ├─┬ raw-body@2.2.0
64 silly idealTree │ └── iconv-lite@0.4.15
64 silly idealTree ├─┬ rc@1.1.7
64 silly idealTree │ └── minimist@1.2.0
64 silly idealTree ├── readable-stream@2.2.6
64 silly idealTree ├── regex-cache@0.4.3
64 silly idealTree ├── reinterval@1.1.0
64 silly idealTree ├── repeat-element@1.1.2
64 silly idealTree ├── repeat-string@1.6.1
64 silly idealTree ├── request@2.81.0
64 silly idealTree ├── retry@0.6.1
64 silly idealTree ├── right-align@0.1.3
64 silly idealTree ├── rimraf@2.5.4
64 silly idealTree ├── safe-buffer@5.0.1
64 silly idealTree ├── sax@0.6.1
64 silly idealTree ├── semver@5.3.0
64 silly idealTree ├── send@0.14.1
64 silly idealTree ├── sentiment@2.1.0
64 silly idealTree ├─┬ serve-static@1.11.2
64 silly idealTree │ ├── ms@0.7.2
64 silly idealTree │ └── send@0.14.2
64 silly idealTree ├── set-blocking@2.0.0
64 silly idealTree ├── setprototypeof@1.0.2
64 silly idealTree ├── signal-exit@3.0.2
64 silly idealTree ├── smtp-connection@1.3.8
64 silly idealTree ├── sntp@1.0.9
64 silly idealTree ├── source-map@0.5.6
64 silly idealTree ├── split2@2.1.1
64 silly idealTree ├── sprintf-js@1.0.3
64 silly idealTree ├─┬ sshpk@1.11.0
64 silly idealTree │ └── assert-plus@1.0.0
64 silly idealTree ├── statuses@1.3.1
64 silly idealTree ├── stream-shift@1.0.0
64 silly idealTree ├── string_decoder@0.10.31
64 silly idealTree ├── string-width@1.0.2
64 silly idealTree ├── stringstream@0.0.5
64 silly idealTree ├── strip-ansi@3.0.1
64 silly idealTree ├── strip-json-comments@2.0.1
64 silly idealTree ├── supports-color@2.0.0
64 silly idealTree ├─┬ tar-pack@3.3.0
64 silly idealTree │ ├── once@1.3.3
64 silly idealTree │ └── readable-stream@2.1.5
64 silly idealTree ├── tar@2.2.1
64 silly idealTree ├── through2-filter@2.0.0
64 silly idealTree ├── through2@2.0.3
64 silly idealTree ├── to-absolute-glob@0.1.1
64 silly idealTree ├── tough-cookie@2.3.2
64 silly idealTree ├── tunnel-agent@0.6.0
64 silly idealTree ├── tweetnacl@0.14.5
64 silly idealTree ├── twitter-ng@0.6.2
64 silly idealTree ├── type-is@1.6.14
64 silly idealTree ├── typedarray@0.0.6
64 silly idealTree ├─┬ uglify-js@2.7.5
64 silly idealTree │ └── async@0.2.10
64 silly idealTree ├── uglify-to-browserify@1.0.2
64 silly idealTree ├── uid-number@0.0.6
64 silly idealTree ├── uid2@0.0.3
64 silly idealTree ├── ultron@1.0.2
64 silly idealTree ├── unique-stream@2.2.1
64 silly idealTree ├── unpipe@1.0.0
64 silly idealTree ├── utf7@1.0.2
64 silly idealTree ├── util-deprecate@1.0.2
64 silly idealTree ├── utils-merge@1.0.0
64 silly idealTree ├── uue@3.1.0
64 silly idealTree ├── uuid@3.0.1
64 silly idealTree ├── vary@1.1.1
64 silly idealTree ├── verror@1.3.6
64 silly idealTree ├── websocket-stream@3.3.3
64 silly idealTree ├── when@3.7.7
64 silly idealTree ├── wide-align@1.1.0
64 silly idealTree ├── window-size@0.1.0
64 silly idealTree ├── wordwrap@0.0.3
64 silly idealTree ├── wrappy@1.0.2
64 silly idealTree ├── ws@1.1.1
64 silly idealTree ├── xml2js@0.4.17
64 silly idealTree ├── xmlbuilder@4.2.1
64 silly idealTree ├── xtend@4.0.1
64 silly idealTree └── yargs@3.10.0
65 silly generateActionsToTake Starting
66 silly install generateActionsToTake
67 silly generateActionsToTake Finishing
68 silly diffTrees action count 1
69 silly diffTrees add epoch@0.1.0
70 silly decomposeActions action count 8
71 silly decomposeActions fetch epoch@0.1.0
72 silly decomposeActions extract epoch@0.1.0
73 silly decomposeActions test epoch@0.1.0
74 silly decomposeActions preinstall epoch@0.1.0
75 silly decomposeActions build epoch@0.1.0
76 silly decomposeActions install epoch@0.1.0
77 silly decomposeActions postinstall epoch@0.1.0
78 silly decomposeActions finalize epoch@0.1.0
79 silly runTopLevelLifecycles Starting
80 silly executeActions Starting
81 silly install executeActions
82 silly doSerial global-install 0
83 silly doParallel fetch 1
84 verbose correctMkdir /home/naotaka/.npm/_locks correctMkdir not in flight; initializing
85 verbose lock using /home/naotaka/.npm/_locks/staging-5e0c13e7fc4de002.lock for /home/naotaka/node_modules/.staging
86 silly doParallel extract 1
87 silly extract epoch@0.1.0
88 verbose unbuild node_modules/.staging/epoch-dfdc3ce7
89 silly gentlyRm /home/naotaka/node_modules/.staging/epoch-dfdc3ce7 is being purged from base /home/naotaka
90 verbose gentlyRm don't care about contents; nuking /home/naotaka/node_modules/.staging/epoch-dfdc3ce7
91 verbose tar unpack /home/naotaka/.npm/epoch/0.1.0/package.tgz
92 verbose tar unpacking to /home/naotaka/node_modules/.staging/epoch-dfdc3ce7
93 silly gentlyRm /home/naotaka/node_modules/.staging/epoch-dfdc3ce7 is being purged
94 verbose gentlyRm don't care about contents; nuking /home/naotaka/node_modules/.staging/epoch-dfdc3ce7
95 silly gunzTarPerm modes [ '755', '644' ]
96 silly gunzTarPerm extractEntry package.json
97 silly gunzTarPerm extractEntry .npmignore
98 silly gunzTarPerm extractEntry README.md
99 silly gunzTarPerm extractEntry lib/epoch.js
100 silly gunzTarPerm extractEntry MIT-LICENSE.md
101 silly gentlyRm /home/naotaka/node_modules/.staging/epoch-dfdc3ce7/node_modules is being purged
102 verbose gentlyRm don't care about contents; nuking /home/naotaka/node_modules/.staging/epoch-dfdc3ce7/node_modules
103 silly doParallel preinstall 1
104 silly preinstall epoch@0.1.0 /home/naotaka/node_modules/.staging/epoch-dfdc3ce7
105 info lifecycle epoch@0.1.0~preinstall: epoch@0.1.0
106 silly lifecycle epoch@0.1.0~preinstall: no script for preinstall, continuing
107 silly doReverseSerial remove 0
108 silly doSerial move 0
109 silly doSerial finalize 1
110 silly finalize /home/naotaka/node_modules/epoch
111 silly doSerial build 1
112 silly build epoch@0.1.0
113 info linkStuff epoch@0.1.0
114 silly linkStuff epoch@0.1.0 has /home/naotaka/node_modules as its parent node_modules
115 verbose linkBins epoch@0.1.0
116 verbose link bins [ { epoch: './bin/epoch' },
116 verbose link bins   '/home/naotaka/node_modules/.bin',
116 verbose link bins   false ]
117 verbose linkMans epoch@0.1.0
118 verbose unlock done using /home/naotaka/.npm/_locks/staging-5e0c13e7fc4de002.lock for /home/naotaka/node_modules/.staging
119 silly rollbackFailedOptional Starting
120 silly rollbackFailedOptional Finishing
121 silly runTopLevelLifecycles Finishing
122 silly install printInstalled
123 warn enoent ENOENT: no such file or directory, open '/home/naotaka/package.json'
124 verbose enoent ENOENT: no such file or directory, open '/home/naotaka/package.json'
124 verbose enoent This is most likely not a problem with npm itself
124 verbose enoent and is related to npm not being able to find a file.
125 warn enoent ENOENT: no such file or directory, open '/home/naotaka/node_modules/buildmail/package.json'
126 verbose enoent ENOENT: no such file or directory, open '/home/naotaka/node_modules/buildmail/package.json'
126 verbose enoent This is most likely not a problem with npm itself
126 verbose enoent and is related to npm not being able to find a file.
127 warn enoent ENOENT: no such file or directory, open '/home/naotaka/node_modules/node-red-node-feedparser/package.json'
128 verbose enoent ENOENT: no such file or directory, open '/home/naotaka/node_modules/node-red-node-feedparser/package.json'
128 verbose enoent This is most likely not a problem with npm itself
128 verbose enoent and is related to npm not being able to find a file.
129 warn naotaka No description
130 verbose If you need help, you may report this error at:
130 verbose     <https://github.com/npm/npm/issues>
131 warn naotaka No repository field.
132 verbose If you need help, you may report this error at:
132 verbose     <https://github.com/npm/npm/issues>
133 warn naotaka No README data
134 verbose If you need help, you may report this error at:
134 verbose     <https://github.com/npm/npm/issues>
135 warn naotaka No license field.
136 verbose If you need help, you may report this error at:
136 verbose     <https://github.com/npm/npm/issues>
137 verbose stack Error: ENOENT: no such file or directory, chmod '/home/naotaka/node_modules/epoch/bin/epoch'
137 verbose stack     at Error (native)
138 verbose cwd /home/naotaka/graph/d3
139 error Linux 4.8.0-41-generic
140 error argv "/usr/bin/nodejs" "/usr/bin/npm" "install" "epoch"
141 error node v6.10.1
142 error npm  v3.10.10
143 error path /home/naotaka/node_modules/epoch/bin/epoch
144 error code ENOENT
145 error errno -2
146 error syscall chmod
147 error enoent ENOENT: no such file or directory, chmod '/home/naotaka/node_modules/epoch/bin/epoch'
148 error enoent ENOENT: no such file or directory, chmod '/home/naotaka/node_modules/epoch/bin/epoch'
148 error enoent This is most likely not a problem with npm itself
148 error enoent and is related to npm not being able to find a file.
149 verbose exit [ -2, true ]
